c:\users\jefri\desktop\pkp-project\code\detect-filename-block\debug\vc142.pdb
c:\users\jefri\desktop\pkp-project\code\detect-filename-block\debug\detect-filename-block.obj
c:\users\jefri\desktop\pkp-project\code\detect-filename-block\debug\detect-filename-block.sys
c:\users\jefri\desktop\pkp-project\code\detect-filename-block\debug\detect-filename-block.pdb
c:\users\jefri\desktop\pkp-project\code\detect-filename-block\debug\detect-filename-block.res
c:\users\jefri\desktop\pkp-project\code\detect-filename-block\debug\detect-filename-block.inf
c:\users\jefri\desktop\pkp-project\code\detect-filename-block\debug\detect-filename-block.cer
c:\users\jefri\desktop\pkp-project\code\detect-filename-block\debug\detect-f.9127716d.tlog\cl.command.1.tlog
c:\users\jefri\desktop\pkp-project\code\detect-filename-block\debug\detect-f.9127716d.tlog\cl.read.1.tlog
c:\users\jefri\desktop\pkp-project\code\detect-filename-block\debug\detect-f.9127716d.tlog\cl.write.1.tlog
c:\users\jefri\desktop\pkp-project\code\detect-filename-block\debug\detect-f.9127716d.tlog\inf2cat-expand.13952.read.1.tlog
c:\users\jefri\desktop\pkp-project\code\detect-filename-block\debug\detect-f.9127716d.tlog\inf2cat-expand.13952.write.1.tlog
c:\users\jefri\desktop\pkp-project\code\detect-filename-block\debug\detect-f.9127716d.tlog\inf2cat-expand.4996.read.1.tlog
c:\users\jefri\desktop\pkp-project\code\detect-filename-block\debug\detect-f.9127716d.tlog\inf2cat-expand.4996.write.1.tlog
c:\users\jefri\desktop\pkp-project\code\detect-filename-block\debug\detect-f.9127716d.tlog\inf2cat-expand.read.1.tlog
c:\users\jefri\desktop\pkp-project\code\detect-filename-block\debug\detect-f.9127716d.tlog\inf2cat-expand.write.1.tlog
c:\users\jefri\desktop\pkp-project\code\detect-filename-block\debug\detect-f.9127716d.tlog\inf2cat.command.1.tlog
c:\users\jefri\desktop\pkp-project\code\detect-filename-block\debug\detect-f.9127716d.tlog\inf2cat.read.1.tlog
c:\users\jefri\desktop\pkp-project\code\detect-filename-block\debug\detect-f.9127716d.tlog\inf2cat.write.1.tlog
c:\users\jefri\desktop\pkp-project\code\detect-filename-block\debug\detect-f.9127716d.tlog\link.command.1.tlog
c:\users\jefri\desktop\pkp-project\code\detect-filename-block\debug\detect-f.9127716d.tlog\link.read.1.tlog
c:\users\jefri\desktop\pkp-project\code\detect-filename-block\debug\detect-f.9127716d.tlog\link.write.1.tlog
c:\users\jefri\desktop\pkp-project\code\detect-filename-block\debug\detect-f.9127716d.tlog\rc.command.1.tlog
c:\users\jefri\desktop\pkp-project\code\detect-filename-block\debug\detect-f.9127716d.tlog\rc.read.1.tlog
c:\users\jefri\desktop\pkp-project\code\detect-filename-block\debug\detect-f.9127716d.tlog\rc.write.1.tlog
c:\users\jefri\desktop\pkp-project\code\detect-filename-block\debug\detect-f.9127716d.tlog\signtool.command.1.tlog
c:\users\jefri\desktop\pkp-project\code\detect-filename-block\debug\detect-f.9127716d.tlog\signtool.read.1.tlog
c:\users\jefri\desktop\pkp-project\code\detect-filename-block\debug\detect-f.9127716d.tlog\signtool.timestamp.1.tlog
c:\users\jefri\desktop\pkp-project\code\detect-filename-block\debug\detect-f.9127716d.tlog\signtool.write.1.tlog
c:\users\jefri\desktop\pkp-project\code\detect-filename-block\debug\detect-f.9127716d.tlog\stampinf.command.1.tlog
c:\users\jefri\desktop\pkp-project\code\detect-filename-block\debug\detect-f.9127716d.tlog\stampinf.read.1.tlog
c:\users\jefri\desktop\pkp-project\code\detect-filename-block\debug\detect-f.9127716d.tlog\stampinf.write.1.tlog
